#
# A fatal error has been detected by the Java Runtime Environment:
#
#  EXCEPTION_ACCESS_VIOLATION (0xc0000005) at pc=0x0000000056f99c73, pid=21084, tid=0x00000000000032c0
#
# JRE version: OpenJDK Runtime Environment (8.0_192-b01) (build 1.8.0_192-b01)
# Java VM: OpenJDK 64-Bit Server VM (25.192-b01 mixed mode windows-amd64 compressed oops)
# Problematic frame:
# V  [jvm.dll+0xd9c73]
#
# Failed to write core dump. Minidumps are not enabled by default on client versions of Windows
#
# If you would like to submit a bug report, please visit:
#   http://www.azulsystems.com/support/
#

---------------  T H R E A D  ---------------

Current thread (0x000000001d0a4800):  VMThread [stack: 0x000000001f800000,0x000000001f900000] [id=12992]

siginfo: ExceptionCode=0xc0000005, reading address 0x000000005867d611

Registers:
RAX=0x00000000000000ff, RBX=0x000000001f8fefa0, RCX=0x000000001e7828d0, RDX=0x0000000000000002
RSP=0x000000001f8fef30, RBP=0x000000001cb1b7f7, RSI=0x0000000001010101, RDI=0x00000000000000ff
R8 =0x000000001e781a80, R9 =0x0000000000000003, R10=0x0000000000000003, R11=0x000000001cb1b7f7
R12=0x0000000056ec0000, R13=0x000000001f8fef80, R14=0x0000000000000000, R15=0x0000000000000000
RIP=0x0000000056f99c73, EFLAGS=0x0000000000010206

Top of Stack: (sp=0x000000001f8fef30)
0x000000001f8fef30:   000000001f8fefa0 000000001f8fefc9
0x000000001f8fef40:   000000001f8fef80 000000001f8fef80
0x000000001f8fef50:   000000001cb1dbb0 000000005706fca3
0x000000001f8fef60:   000000001f8fefc9 000000001f8fef90
0x000000001f8fef70:   00000000000000b6 000000001f8fef80
0x000000001f8fef80:   000000001cb1dbb0 000000001d0a4800
0x000000001f8fef90:   000000001cb1dbb0 000000001d0a4800
0x000000001f8fefa0:   000000001cb1b8a8 000000001d0a4800
0x000000001f8fefb0:   000000f7000000f7 000000b6000000fd
0x000000001f8fefc0:   0000000003530000 00000000000000b6
0x000000001f8fefd0:   000000001cb1dbb0 000000001d0a4800
0x000000001f8fefe0:   000000f7000000f4 000000b6000000fd
0x000000001f8feff0:   000000001d0a0000 00000000000000b6
0x000000001f8ff000:   00000000000003d8 0000000000000008
0x000000001f8ff010:   0000000000000000 0000000000000001
0x000000001f8ff020:   000000001cb1b8a8 000000005705d584 

Instructions: (pc=0x0000000056f99c73)
0x0000000056f99c53:   0d 48 8b 0b 48 8b d0 e8 51 36 fb ff 8b f8 4c 8d
0x0000000056f99c63:   25 98 63 f2 ff 48 63 c7 49 63 b4 84 60 d1 7a 00
0x0000000056f99c73:   42 0f b6 8c 26 10 d5 7a 00 83 e1 0f 75 3d 44 0f
0x0000000056f99c83:   b6 4d 00 41 81 f9 ca 00 00 00 75 0e 48 8b 0b 48 


Register to memory mapping:

RAX=0x00000000000000ff is an unknown value
RBX=0x000000001f8fefa0 is an unknown value
RCX=0x000000001e7828d0 is an unknown value
RDX=0x0000000000000002 is an unknown value
RSP=0x000000001f8fef30 is an unknown value
RBP=0x000000001cb1b7f7 is pointing into metadata
RSI=0x0000000001010101 is an unknown value
RDI=0x00000000000000ff is an unknown value
R8 =0x000000001e781a80 is an unknown value
R9 =0x0000000000000003 is an unknown value
R10=0x0000000000000003 is an unknown value
R11=0x000000001cb1b7f7 is pointing into metadata
R12=0x0000000056ec0000 is an unknown value
R13=0x000000001f8fef80 is an unknown value
R14=0x0000000000000000 is an unknown value
R15=0x0000000000000000 is an unknown value


Stack: [0x000000001f800000,0x000000001f900000],  sp=0x000000001f8fef30,  free space=1019k
Native frames: (J=compiled Java code, j=interpreted, Vv=VM code, C=native code)
V  [jvm.dll+0xd9c73]
V  [jvm.dll+0x1afca3]
V  [jvm.dll+0x19d584]
V  [jvm.dll+0x1a2717]
V  [jvm.dll+0x1a2c8b]
V  [jvm.dll+0x224ba7]
V  [jvm.dll+0x223e62]
V  [jvm.dll+0x2242e1]
V  [jvm.dll+0x2244fe]
V  [jvm.dll+0x26f9ba]
C  [msvcr100.dll+0x21d9f]
C  [msvcr100.dll+0x21e3b]
C  [KERNEL32.DLL+0x17974]
C  [ntdll.dll+0x6a271]

VM_Operation (0x000000001fe8f2d0): RedefineClasses, mode: safepoint, requested by thread 0x000000001e81e000, redefining class boj.BOJ_17471



---------------  P R O C E S S  ---------------

Java Threads: ( => current thread )
  0x000000001ea4d000 JavaThread "Service Thread" daemon [_thread_blocked, id=23332, stack(0x0000000020490000,0x0000000020590000)]
  0x000000001ea49800 JavaThread "C1 CompilerThread3" daemon [_thread_blocked, id=18540, stack(0x0000000020390000,0x0000000020490000)]
  0x000000001e98c000 JavaThread "C2 CompilerThread2" daemon [_thread_blocked, id=22976, stack(0x0000000020290000,0x0000000020390000)]
  0x000000001e98b800 JavaThread "C2 CompilerThread1" daemon [_thread_blocked, id=5320, stack(0x0000000020190000,0x0000000020290000)]
  0x000000001e98a800 JavaThread "C2 CompilerThread0" daemon [_thread_blocked, id=132, stack(0x0000000020090000,0x0000000020190000)]
  0x000000001e833000 JavaThread "JDWP Command Reader" daemon [_thread_in_native, id=7888, stack(0x000000001ff90000,0x0000000020090000)]
  0x000000001e82c000 JavaThread "JDWP Event Helper Thread" daemon [_thread_blocked, id=1768, stack(0x000000001fe90000,0x000000001ff90000)]
  0x000000001e81e000 JavaThread "JDWP Transport Listener: dt_socket" daemon [_thread_blocked, id=22000, stack(0x000000001fd90000,0x000000001fe90000)]
  0x000000001e812800 JavaThread "Attach Listener" daemon [_thread_blocked, id=16000, stack(0x000000001fc90000,0x000000001fd90000)]
  0x000000001e7bd000 JavaThread "Signal Dispatcher" daemon [_thread_blocked, id=4508, stack(0x000000001fb90000,0x000000001fc90000)]
  0x00000000033dd000 JavaThread "Finalizer" daemon [_thread_blocked, id=22956, stack(0x000000001fa00000,0x000000001fb00000)]
  0x000000001e7a3000 JavaThread "Reference Handler" daemon [_thread_blocked, id=6532, stack(0x000000001f900000,0x000000001fa00000)]
  0x00000000032e3800 JavaThread "main" [_thread_in_native, id=5280, stack(0x00000000030e0000,0x00000000031e0000)]

Other Threads:
=>0x000000001d0a4800 VMThread [stack: 0x000000001f800000,0x000000001f900000] [id=12992]
  0x000000001e9e3000 WatcherThread [stack: 0x0000000020590000,0x0000000020690000] [id=16076]

VM state:at safepoint (normal execution)

VM Mutex/Monitor currently owned by a thread:  ([mutex/lock_event])
[0x00000000032e0ed0] Threads_lock - owner thread: 0x000000001d0a4800

heap address: 0x00000006c1000000, size: 4080 MB, Compressed Oops mode: Zero based, Oop shift amount: 3
Narrow klass base: 0x0000000000000000, Narrow klass shift: 3
Compressed class space size: 1073741824 Address: 0x00000007c0000000

Heap:
 PSYoungGen      total 76288K, used 9207K [0x000000076b000000, 0x0000000770500000, 0x00000007c0000000)
  eden space 65536K, 14% used [0x000000076b000000,0x000000076b8fddc0,0x000000076f000000)
  from space 10752K, 0% used [0x000000076fa80000,0x000000076fa80000,0x0000000770500000)
  to   space 10752K, 0% used [0x000000076f000000,0x000000076f000000,0x000000076fa80000)
 ParOldGen       total 175104K, used 0K [0x00000006c1000000, 0x00000006cbb00000, 0x000000076b000000)
  object space 175104K, 0% used [0x00000006c1000000,0x00000006c1000000,0x00000006cbb00000)
 Metaspace       used 4942K, capacity 5042K, committed 5248K, reserved 1056768K
  class space    used 497K, capacity 529K, committed 640K, reserved 1048576K

Card table byte_map: [0x00000000127a0000,0x0000000012fa0000] byte_map_base: 0x000000000f198000

Marking Bits: (ParMarkBitMap*) 0x000000005768cf50
 Begin Bits: [0x0000000013ef0000, 0x0000000017eb0000)
 End Bits:   [0x0000000017eb0000, 0x000000001be70000)

Polling page: 0x0000000000bd0000

CodeCache: size=245760Kb used=1348Kb max_used=1348Kb free=244411Kb
 bounds [0x00000000033e0000, 0x0000000003650000, 0x00000000123e0000]
 total_blobs=414 nmethods=130 adapters=206
 compilation: enabled

Compilation events (10 events):
Event: 161.080 Thread 0x000000001ea49800 nmethod 126 0x000000000352f610 code [0x000000000352f760, 0x000000000352f910]
Event: 193.643 Thread 0x000000001ea49800  127       3       org.eclipse.jdt.launching.internal.org.objectweb.asm.ByteVector::put12 (64 bytes)
Event: 193.643 Thread 0x000000001ea49800 nmethod 127 0x000000000352f050 code [0x000000000352f1c0, 0x000000000352f448]
Event: 193.643 Thread 0x000000001ea49800  128       3       org.eclipse.jdt.launching.internal.org.objectweb.asm.ClassReader::readClass (7 bytes)
Event: 193.644 Thread 0x000000001ea49800 nmethod 128 0x000000000352e4d0 code [0x000000000352e680, 0x000000000352eba8]
Event: 193.644 Thread 0x000000001ea49800  129       3       org.eclipse.jdt.launching.internal.org.objectweb.asm.ClassReader::readStringish (16 bytes)
Event: 193.644 Thread 0x000000001ea49800 nmethod 129 0x00000000035318d0 code [0x0000000003531a60, 0x0000000003531f28]
Event: 239.974 Thread 0x000000001ea49800  134       3       org.eclipse.jdt.launching.internal.org.objectweb.asm.Label::resolve (219 bytes)
Event: 239.975 Thread 0x000000001ea49800 nmethod 134 0x0000000003530c10 code [0x0000000003530dc0, 0x0000000003531350]
Event: 239.975 Thread 0x000000001ea49800  135       3       org.eclipse.jdt.launching.internal.org.objectweb.asm.SymbolTable::addConstantMemberReference (147 bytes)

GC Heap History (0 events):
No events

Deoptimization events (0 events):
No events

Classes redefined (4 events):
Event: 49.289 Thread 0x000000001d0a4800 redefined class name=boj.BOJ_17471, count=1
Event: 116.767 Thread 0x000000001d0a4800 redefined class name=boj.BOJ_17471, count=2
Event: 161.079 Thread 0x000000001d0a4800 redefined class name=boj.BOJ_17471, count=3
Event: 193.644 Thread 0x000000001d0a4800 redefined class name=boj.BOJ_17471, count=4

Internal exceptions (4 events):
Event: 0.020 Thread 0x00000000032e3800 Exception <a 'java/lang/NoSuchMethodError': Method sun.misc.Unsafe.defineClass(Ljava/lang/String;[BII)Ljava/lang/Class; name or signature does not match> (0x000000076b007cb0) thrown at [C:\jenkins\workspace\zulu8-silver-build-win64\zulu-src\hotspot\src\sh
Event: 0.020 Thread 0x00000000032e3800 Exception <a 'java/lang/NoSuchMethodError': Method sun.misc.Unsafe.prefetchRead(Ljava/lang/Object;J)V name or signature does not match> (0x000000076b007f98) thrown at [C:\jenkins\workspace\zulu8-silver-build-win64\zulu-src\hotspot\src\share\vm\prims\jni.c
Event: 0.122 Thread 0x00000000032e3800 Exception <a 'java/security/PrivilegedActionException'> (0x000000076b323100) thrown at [C:\jenkins\workspace\zulu8-silver-build-win64\zulu-src\hotspot\src\share\vm\prims\jvm.cpp, line 1435]
Event: 0.122 Thread 0x00000000032e3800 Exception <a 'java/security/PrivilegedActionException'> (0x000000076b323310) thrown at [C:\jenkins\workspace\zulu8-silver-build-win64\zulu-src\hotspot\src\share\vm\prims\jvm.cpp, line 1435]

Events (10 events):
Event: 161.088 Executing VM operation: ChangeBreakpoints done
Event: 193.643 Executing VM operation: RedefineClasses
Event: 193.644 Executing VM operation: RedefineClasses done
Event: 193.673 Executing VM operation: ChangeBreakpoints
Event: 193.673 Executing VM operation: ChangeBreakpoints done
Event: 193.673 Executing VM operation: ChangeBreakpoints
Event: 193.673 Executing VM operation: ChangeBreakpoints done
Event: 193.679 Executing VM operation: ChangeBreakpoints
Event: 193.679 Executing VM operation: ChangeBreakpoints done
Event: 239.975 Executing VM operation: RedefineClasses


Dynamic libraries:
0x00007ff70af50000 - 0x00007ff70af85000 	C:\Program Files\Zulu\zulu-8\bin\javaw.exe
0x00007ffa92d10000 - 0x00007ffa92efd000 	C:\Windows\SYSTEM32\ntdll.dll
0x00007ffa8ff30000 - 0x00007ffa8ffe3000 	C:\Windows\System32\KERNEL32.DLL
0x00007ffa8f480000 - 0x00007ffa8f713000 	C:\Windows\System32\KERNELBASE.dll
0x00007ffa92170000 - 0x00007ffa92213000 	C:\Windows\System32\ADVAPI32.dll
0x00007ffa90080000 - 0x00007ffa9011e000 	C:\Windows\System32\msvcrt.dll
0x00007ffa92b40000 - 0x00007ffa92bde000 	C:\Windows\System32\sechost.dll
0x00007ffa90340000 - 0x00007ffa90462000 	C:\Windows\System32\RPCRT4.dll
0x00007ffa91b50000 - 0x00007ffa91ce7000 	C:\Windows\System32\USER32.dll
0x00007ffa8edd0000 - 0x00007ffa8edf0000 	C:\Windows\System32\win32u.dll
0x00007ffa929b0000 - 0x00007ffa929d9000 	C:\Windows\System32\GDI32.dll
0x00007ffa8eef0000 - 0x00007ffa8f089000 	C:\Windows\System32\gdi32full.dll
0x00007ffa8fe70000 - 0x00007ffa8ff10000 	C:\Windows\System32\msvcp_win.dll
0x00007ffa8edf0000 - 0x00007ffa8eeea000 	C:\Windows\System32\ucrtbase.dll
0x00007ffa78670000 - 0x00007ffa788e9000 	C:\Windows\WinSxS\amd64_microsoft.windows.common-controls_6595b64144ccf1df_6.0.17763.973_none_05b245900721eb81\COMCTL32.dll
0x00007ffa92220000 - 0x00007ffa9254c000 	C:\Windows\System32\combase.dll
0x00007ffa8f1d0000 - 0x00007ffa8f24e000 	C:\Windows\System32\bcryptPrimitives.dll
0x00007ffa90120000 - 0x00007ffa9014e000 	C:\Windows\System32\IMM32.DLL
0x0000000056d00000 - 0x0000000056dd2000 	C:\Program Files\Zulu\zulu-8\jre\bin\msvcr100.dll
0x0000000056ec0000 - 0x000000005770a000 	C:\Program Files\Zulu\zulu-8\jre\bin\server\jvm.dll
0x00007ffa8fff0000 - 0x00007ffa8fff8000 	C:\Windows\System32\PSAPI.DLL
0x00007ffa7e9b0000 - 0x00007ffa7e9b9000 	C:\Windows\SYSTEM32\WSOCK32.dll
0x00007ffa902d0000 - 0x00007ffa9033d000 	C:\Windows\System32\WS2_32.dll
0x00007ffa8cf20000 - 0x00007ffa8cf44000 	C:\Windows\SYSTEM32\WINMM.dll
0x00007ffa8a970000 - 0x00007ffa8a97a000 	C:\Windows\SYSTEM32\VERSION.dll
0x00007ffa8cde0000 - 0x00007ffa8ce0d000 	C:\Windows\SYSTEM32\winmmbase.dll
0x00007ffa8f430000 - 0x00007ffa8f47a000 	C:\Windows\System32\cfgmgr32.dll
0x00007ffa850d0000 - 0x00007ffa850df000 	C:\Program Files\Zulu\zulu-8\jre\bin\verify.dll
0x00007ffa83840000 - 0x00007ffa83869000 	C:\Program Files\Zulu\zulu-8\jre\bin\java.dll
0x00007ffa83d60000 - 0x00007ffa83d95000 	C:\Program Files\Zulu\zulu-8\jre\bin\jdwp.dll
0x00007ffa8a5f0000 - 0x00007ffa8a5f8000 	C:\Program Files\Zulu\zulu-8\jre\bin\npt.dll
0x00007ffa83d30000 - 0x00007ffa83d53000 	C:\Program Files\Zulu\zulu-8\jre\bin\instrument.dll
0x00007ffa77d00000 - 0x00007ffa77d16000 	C:\Program Files\Zulu\zulu-8\jre\bin\zip.dll
0x00007ffa90520000 - 0x00007ffa91a14000 	C:\Windows\System32\SHELL32.dll
0x00007ffa901c0000 - 0x00007ffa90268000 	C:\Windows\System32\shcore.dll
0x00007ffa8f720000 - 0x00007ffa8fe6d000 	C:\Windows\System32\windows.storage.dll
0x00007ffa8ed80000 - 0x00007ffa8eda4000 	C:\Windows\System32\profapi.dll
0x00007ffa8ed20000 - 0x00007ffa8ed7d000 	C:\Windows\System32\powrprof.dll
0x00007ffa90150000 - 0x00007ffa901a2000 	C:\Windows\System32\shlwapi.dll
0x00007ffa8edb0000 - 0x00007ffa8edc1000 	C:\Windows\System32\kernel.appcore.dll
0x00007ffa8ff10000 - 0x00007ffa8ff27000 	C:\Windows\System32\cryptsp.dll
0x00007ffa83d00000 - 0x00007ffa83d09000 	C:\Program Files\Zulu\zulu-8\jre\bin\dt_socket.dll
0x00007ffa84890000 - 0x00007ffa848a6000 	C:\Windows\system32\napinsp.dll
0x00007ffa84720000 - 0x00007ffa8473a000 	C:\Windows\system32\pnrpnsp.dll
0x00007ffa8e520000 - 0x00007ffa8e587000 	C:\Windows\System32\mswsock.dll
0x00007ffa8e280000 - 0x00007ffa8e346000 	C:\Windows\SYSTEM32\DNSAPI.dll
0x00007ffa901b0000 - 0x00007ffa901b8000 	C:\Windows\System32\NSI.dll
0x00007ffa8e240000 - 0x00007ffa8e27d000 	C:\Windows\SYSTEM32\IPHLPAPI.DLL
0x00007ffa85a40000 - 0x00007ffa85a4e000 	C:\Windows\System32\winrnr.dll
0x00007ffa8a4a0000 - 0x00007ffa8a4bb000 	C:\Windows\system32\NLAapi.dll
0x00007ffa6ed70000 - 0x00007ffa6ed85000 	C:\Windows\system32\wshbth.dll
0x00007ffa84d90000 - 0x00007ffa84e09000 	C:\Windows\System32\fwpuclnt.dll
0x00007ffa8f1a0000 - 0x00007ffa8f1c6000 	C:\Windows\System32\bcrypt.dll
0x00007ffa85970000 - 0x00007ffa8597a000 	C:\Windows\System32\rasadhlp.dll
0x00007ffa88850000 - 0x00007ffa88a3d000 	C:\Windows\SYSTEM32\dbghelp.dll

VM Arguments:
jvm_args: -agentlib:jdwp=transport=dt_socket,suspend=y,address=localhost:59954 -javaagent:C:\Users\multicampus\eclipse\java-2018-09\eclipse\configuration\org.eclipse.osgi\237\0\.cp\lib\javaagent-shaded.jar -Dfile.encoding=UTF-8 
java_command: boj.BOJ_17471
java_class_path (initial): C:\Users\multicampus\git\algorithm-quiz\project_folder\bin;C:\Users\multicampus\.p2\pool\plugins\org.junit.jupiter.api_5.1.0.v20180327-1502.jar;C:\Users\multicampus\.p2\pool\plugins\org.junit.jupiter.engine_5.1.0.v20180327-1502.jar;C:\Users\multicampus\.p2\pool\plugins\org.junit.jupiter.migrationsupport_5.1.0.v20180327-1502.jar;C:\Users\multicampus\.p2\pool\plugins\org.junit.jupiter.params_5.1.0.v20180327-1502.jar;C:\Users\multicampus\.p2\pool\plugins\org.junit.platform.commons_1.1.0.v20180327-1502.jar;C:\Users\multicampus\.p2\pool\plugins\org.junit.platform.engine_1.1.0.v20180327-1502.jar;C:\Users\multicampus\.p2\pool\plugins\org.junit.platform.launcher_1.1.0.v20180327-1502.jar;C:\Users\multicampus\.p2\pool\plugins\org.junit.platform.runner_1.1.0.v20180327-1502.jar;C:\Users\multicampus\.p2\pool\plugins\org.junit.platform.suite.api_1.1.0.v20180327-1502.jar;C:\Users\multicampus\.p2\pool\plugins\org.junit.vintage.engine_5.1.0.v20180327-1502.jar;C:\Users\multicampus\.p2\pool\plugins\org.opentest4j_1.0.0.v20180327-1502.jar;C:\Users\multicampus\.p2\pool\plugins\org.apiguardian_1.0.0.v20180327-1502.jar;C:\Users\multicampus\.p2\pool\plugins\org.junit_4.12.0.v201504281640\junit.jar;C:\Users\multicampus\.p2\pool\plugins\org.hamcrest.core_1.3.0.v20180420-1519.jar;C:\Users\multicampus\eclipse\java-2018-09\eclipse\configuration\org.eclipse.osgi\237\0\.cp\lib\javaagent-shaded.jar
Launcher Type: SUN_STANDARD

Environment Variables:
PATH=C:\Program Files\Zulu\zulu-8\jre\bin;C:/Program Files/Zulu/zulu-8/bin/../jre/bin/server;C:/Program Files/Zulu/zulu-8/bin/../jre/bin;C:/Program Files/Zulu/zulu-8/bin/../jre/lib/amd64;C:\ProgramData\DockerDesktop\version-bin;C:\Program Files\Docker\Docker\Resources\bin;C:\Program Files\Python35\Scripts\;C:\Program Files\Python35\;C:\Program Files (x86)\Intel\Intel(R) Management Engine Components\iCLS\;C:\Program Files\Intel\Intel(R) Management Engine Components\iCLS\;C:\Windows\system32;C:\Windows;C:\Windows\System32\Wbem;C:\Windows\System32\WindowsPowerShell\v1.0\;C:\Windows\System32\OpenSSH\;C:\Program Files (x86)\NVIDIA Corporation\PhysX\Common;C:\Program Files\Intel\WiFi\bin\;C:\Program Files\Common Files\Intel\WirelessCommon\;C:\Program Files (x86)\Intel\Intel(R) Management Engine Components\DAL;C:\Program Files\Intel\Intel(R) Management Engine Components\DAL;C:\Program Files (x86)\Intel\Intel(R) Management Engine Components\IPT;C:\Program Files\Intel\Intel(R) Management Engine Components\IPT;C:\Program Files\Zulu\zulu-8\bin\;C:\Program Files\Microsoft SQL Server\130\Tools\Binn\;C:\Program Files\Git\cmd;C:\Users\multicampus\AppData\Local\Programs\Python\Python38-32\Scripts\;C:\Users\multicampus\AppData\Local\Programs\Python\Python38-32\;C:\Users\multicampus\AppData\Local\Microsoft\WindowsApps;C:\Program Files\Bandizip\;C:\Users\multicampus\eclipse\java-2018-09\eclipse;
USERNAME=multicampus
OS=Windows_NT
PROCESSOR_IDENTIFIER=Intel64 Family 6 Model 158 Stepping 10, GenuineIntel



---------------  S Y S T E M  ---------------

OS: Windows 10.0 , 64 bit Build 17763 (10.0.17763.475)

CPU:total 12 (initial active 12) (6 cores per cpu, 2 threads per core) family 6 model 158 stepping 10, cmov, cx8, fxsr, mmx, sse, sse2, sse3, ssse3, sse4.1, sse4.2, popcnt, avx, avx2, aes, clmul, erms, rtm, 3dnowpref, lzcnt, ht, tsc, tscinvbit, bmi1, bmi2, adx

Memory: 4k page, physical 16709632k(9419388k free), swap 21543456k(2379272k free)

vm_info: OpenJDK 64-Bit Server VM (25.192-b01) for windows-amd64 JRE (1.8.0_192-b01), built on Oct 17 2018 09:53:48 by "tester" with MS VC++ 10.0 (VS2010)

time: Thu Feb 06 16:27:29 2020
timezone: 대한민국 표준시
elapsed time: 239 seconds (0d 0h 3m 59s)

